<?xml version="1.0" encoding="UTF-8"?>
<!-- Generated by org.testng.reporters.JUnitReportReporter -->
<testsuite skipped="0" hostname="dudu" name="implementingBaseClass.TestBase" tests="1" failures="0" timestamp="30 Jun 2018 15:35:17 GMT" time="14.606" errors="0">
  <testcase name="findElements" time="14.606" classname="implementingBaseClass.TestBase"/>
</testsuite> <!-- implementingBaseClass.TestBase -->
