<?xml version="1.0" encoding="UTF-8"?>
<!-- Generated by org.testng.reporters.JUnitReportReporter -->
<testsuite skipped="0" hostname="dudu" name="firsttestngpackage.ParameterWithTestNGXML" tests="1" failures="0" timestamp="17 Jun 2018 08:00:41 GMT" time="46.372" errors="0">
  <testcase name="testdataXml" time="46.372" classname="firsttestngpackage.ParameterWithTestNGXML"/>
</testsuite> <!-- firsttestngpackage.ParameterWithTestNGXML -->
