<?xml version="1.0" encoding="UTF-8"?>
<!-- Generated by org.testng.reporters.JUnitReportReporter -->
<testsuite skipped="0" hostname="dudu" name="log4jSelenium.TestBase" tests="1" failures="0" timestamp="23 Jun 2018 15:46:09 GMT" time="0.093" errors="0">
  <testcase name="loadlog4j" time="0.093" classname="log4jSelenium.TestBase"/>
</testsuite> <!-- log4jSelenium.TestBase -->
