<?xml version="1.0" encoding="UTF-8"?>
<!-- Generated by org.testng.reporters.JUnitReportReporter -->
<testsuite skipped="0" hostname="dudu" name="firsttestngpackage.HandlingAlertPopoup" tests="1" failures="0" timestamp="09 Jun 2018 04:20:21 GMT" time="15.086" errors="0">
  <testcase name="AlertPopup" time="15.086" classname="firsttestngpackage.HandlingAlertPopoup"/>
</testsuite> <!-- firsttestngpackage.HandlingAlertPopoup -->
