<?xml version="1.0" encoding="UTF-8"?>
<!-- Generated by org.testng.reporters.JUnitReportReporter -->
<testsuite skipped="0" hostname="dudu" name="firsttestngpackage.firstTestNGClass" tests="1" failures="0" timestamp="09 Jun 2018 04:19:49 GMT" time="9.436" errors="0">
  <testcase name="verifyHomepageTitle" time="9.436" classname="firsttestngpackage.firstTestNGClass"/>
</testsuite> <!-- firsttestngpackage.firstTestNGClass -->
