<?xml version="1.0" encoding="UTF-8"?>
<!-- Generated by org.testng.reporters.JUnitReportReporter -->
<testsuite skipped="0" hostname="dudu" name="firsttestngpackage.Guru99TakeScreenshot" tests="1" failures="0" timestamp="17 Jun 2018 07:37:46 GMT" time="7.988" errors="0">
  <testcase name="testGuru99TakeScreenShot" time="7.988" classname="firsttestngpackage.Guru99TakeScreenshot"/>
</testsuite> <!-- firsttestngpackage.Guru99TakeScreenshot -->
