<?xml version="1.0" encoding="UTF-8"?>
<!-- Generated by org.testng.reporters.JUnitReportReporter -->
<testsuite skipped="0" hostname="dudu" name="objectRepository.TestObjectRepository" tests="1" failures="0" timestamp="06 Jul 2018 16:50:25 GMT" time="51.223" errors="0">
  <testcase name="ObjTest" time="51.223" classname="objectRepository.TestObjectRepository"/>
</testsuite> <!-- objectRepository.TestObjectRepository -->
