<?xml version="1.0" encoding="UTF-8"?>
<!-- Generated by org.testng.reporters.JUnitReportReporter -->
<testsuite skipped="0" hostname="dudu" name="firsttestngpackage.TestExplicitWait" tests="1" failures="0" timestamp="02 Jun 2018 07:03:09 GMT" time="17.337" errors="0">
  <testcase name="TestWaitExplicit" time="17.337" classname="firsttestngpackage.TestExplicitWait"/>
</testsuite> <!-- firsttestngpackage.TestExplicitWait -->
