<?xml version="1.0" encoding="UTF-8"?>
<!-- Generated by org.testng.reporters.JUnitReportReporter -->
<testsuite skipped="0" hostname="dudu" name="log4jSelenium.Test4jLog" tests="1" failures="0" timestamp="23 Jun 2018 15:48:46 GMT" time="0.038" errors="0">
  <testcase name="testLogin" time="0.038" classname="log4jSelenium.Test4jLog"/>
</testsuite> <!-- log4jSelenium.Test4jLog -->
