<?xml version="1.0" encoding="UTF-8"?>
<!-- Generated by org.testng.reporters.JUnitReportReporter -->
<testsuite skipped="0" hostname="dudu" name="firsttestngpackage.TestImplicitWait" tests="1" failures="0" timestamp="02 Jun 2018 06:16:25 GMT" time="18.054" errors="0">
  <testcase name="WaitTest" time="18.054" classname="firsttestngpackage.TestImplicitWait"/>
</testsuite> <!-- firsttestngpackage.TestImplicitWait -->
