<?xml version="1.0" encoding="UTF-8"?>
<!-- Generated by org.testng.reporters.JUnitReportReporter -->
<testsuite skipped="0" hostname="dudu" name="test.Test99GuruLogin" tests="1" failures="0" timestamp="16 Jun 2018 15:39:31 GMT" time="16.862" errors="0">
  <testcase name="test_Home_Page_Appear_Correct" time="16.862" classname="test.Test99GuruLogin"/>
</testsuite> <!-- test.Test99GuruLogin -->
