<?xml version="1.0" encoding="UTF-8"?>
<!-- Generated by org.testng.reporters.JUnitReportReporter -->
<testsuite skipped="0" hostname="dudu" name="firsttestngpackage.SelectingElements" tests="1" failures="0" timestamp="06 Jul 2018 16:04:57 GMT" time="32.005" errors="0">
  <testcase name="selectingElements" time="32.005" classname="firsttestngpackage.SelectingElements"/>
</testsuite> <!-- firsttestngpackage.SelectingElements -->
